\BOOKMARK [0][-]{chapter*.7}{Introduction}{}% 1
\BOOKMARK [0][-]{chapter.1}{Description of the Electronic Election System}{}% 2
\BOOKMARK [1][-]{section.1.1}{Definition of the Electronic Election System}{chapter.1}% 3
\BOOKMARK [1][-]{section.1.2}{Requirements on an Electronic Election System}{chapter.1}% 4
\BOOKMARK [1][-]{section.1.3}{Types of Electronic Election System}{chapter.1}% 5
\BOOKMARK [2][-]{subsection.1.3.1}{E-voting}{section.1.3}% 6
\BOOKMARK [2][-]{subsection.1.3.2}{I-voting}{section.1.3}% 7
\BOOKMARK [2][-]{subsection.1.3.3}{Comparison}{section.1.3}% 8
\BOOKMARK [0][-]{chapter.2}{Summary of Existing Solutions}{}% 9
\BOOKMARK [1][-]{section.2.1}{Electronic Voting Scheme Techniques}{chapter.2}% 10
\BOOKMARK [2][-]{subsection.2.1.1}{Blind Signatures}{section.2.1}% 11
\BOOKMARK [2][-]{subsection.2.1.2}{Verifiable Anonymous Channels}{section.2.1}% 12
\BOOKMARK [2][-]{subsection.2.1.3}{Homomorphic Encryption}{section.2.1}% 13
\BOOKMARK [2][-]{subsection.2.1.4}{Untraceable Electronic Cash Protocol}{section.2.1}% 14
\BOOKMARK [1][-]{section.2.2}{Existing Electronic Election Systems}{chapter.2}% 15
\BOOKMARK [2][-]{subsection.2.2.1}{Estonian Internet Voting}{section.2.2}% 16
\BOOKMARK [2][-]{subsection.2.2.2}{Norwegian Internet Voting Protocol}{section.2.2}% 17
\BOOKMARK [2][-]{subsection.2.2.3}{Swiss Online Voting Protocol}{section.2.2}% 18
\BOOKMARK [0][-]{chapter.3}{Our Solution}{}% 19
\BOOKMARK [1][-]{section.3.1}{Our Voting Scheme}{chapter.3}% 20
\BOOKMARK [1][-]{section.3.2}{Players in Our Voting Scheme}{chapter.3}% 21
\BOOKMARK [1][-]{section.3.3}{Phases of Our Voting Scheme}{chapter.3}% 22
\BOOKMARK [2][-]{subsection.3.3.1}{Initialisation}{section.3.3}% 23
\BOOKMARK [2][-]{subsection.3.3.2}{Voting}{section.3.3}% 24
\BOOKMARK [2][-]{subsection.3.3.3}{Counting}{section.3.3}% 25
\BOOKMARK [1][-]{section.3.4}{Format of the Vote}{chapter.3}% 26
\BOOKMARK [1][-]{section.3.5}{Security Tools Used in Our Voting Scheme}{chapter.3}% 27
\BOOKMARK [2][-]{subsection.3.5.1}{S/MIME}{section.3.5}% 28
\BOOKMARK [2][-]{subsection.3.5.2}{Shamir's Secret-Sharing Scheme}{section.3.5}% 29
\BOOKMARK [2][-]{subsection.3.5.3}{Cosign}{section.3.5}% 30
\BOOKMARK [1][-]{section.3.6}{Other Proposed Solutions}{chapter.3}% 31
\BOOKMARK [2][-]{subsection.3.6.1}{Authorisation by a token}{section.3.6}% 32
\BOOKMARK [2][-]{subsection.3.6.2}{Authorisation by user information}{section.3.6}% 33
\BOOKMARK [0][-]{chapter.4}{Implementation of Our Solution}{}% 34
\BOOKMARK [1][-]{section.4.1}{Overview}{chapter.4}% 35
\BOOKMARK [1][-]{section.4.2}{Database}{chapter.4}% 36
\BOOKMARK [1][-]{section.4.3}{Voting Application}{chapter.4}% 37
\BOOKMARK [1][-]{section.4.4}{Server for Vote Collection}{chapter.4}% 38
\BOOKMARK [1][-]{section.4.5}{Machine for Vote Counting}{chapter.4}% 39
\BOOKMARK [1][-]{section.4.6}{Supplementary Programs}{chapter.4}% 40
\BOOKMARK [0][-]{chapter.5}{Analysis of Our Solution}{}% 41
\BOOKMARK [1][-]{section.5.1}{Usability}{chapter.5}% 42
\BOOKMARK [1][-]{section.5.2}{Security}{chapter.5}% 43
\BOOKMARK [1][-]{section.5.3}{Accuracy}{chapter.5}% 44
\BOOKMARK [0][-]{chapter*.8}{Conclusion}{}% 45
